0 info it worked if it ends with ok
1 verbose cli [ '/usr/bin/node', '/usr/bin/npm', 'install', 'ckfinder@3.4.0' ]
2 info using npm@3.5.2
3 info using node@v8.10.0
4 silly loadCurrentTree Starting
5 silly install loadCurrentTree
6 silly install readLocalPackageData
7 silly fetchPackageMetaData ckfinder@3.4.0
8 silly fetchNamedPackageData ckfinder
9 silly mapToRegistry name ckfinder
10 silly mapToRegistry using default registry
11 silly mapToRegistry registry https://registry.npmjs.org/
12 silly mapToRegistry uri https://registry.npmjs.org/ckfinder
13 verbose request uri https://registry.npmjs.org/ckfinder
14 verbose request no auth needed
15 info attempt registry request try #1 at 9:37:39
16 verbose request id f216f0107c1dba5a
17 http request GET https://registry.npmjs.org/ckfinder
18 http 200 https://registry.npmjs.org/ckfinder
19 verbose headers { date: 'Thu, 07 May 2020 07:37:41 GMT',
19 verbose headers   'content-type': 'application/json; charset=UTF-8',
19 verbose headers   'transfer-encoding': 'chunked',
19 verbose headers   connection: 'keep-alive',
19 verbose headers   'set-cookie':
19 verbose headers    [ '__cfduid=ddaa5eaeb3b9b37623f1a62bd9b2cc4911588837060; expires=Sat, 06-Jun-20 07:37:40 GMT; path=/; domain=.npmjs.org; HttpOnly; SameSite=Lax' ],
19 verbose headers   'cf-ray': '58f946ea9b4cd427-BUD',
19 verbose headers   'cache-control': 'public, max-age=300',
19 verbose headers   etag: 'W/"3e5417f1f577672479da4d876f5c551e"',
19 verbose headers   'last-modified': 'Sat, 26 May 2018 19:54:14 GMT',
19 verbose headers   vary: 'accept-encoding, accept',
19 verbose headers   'cf-cache-status': 'MISS',
19 verbose headers   'expect-ct': 'max-age=604800, report-uri="https://report-uri.cloudflare.com/cdn-cgi/beacon/expect-ct"',
19 verbose headers   server: 'cloudflare',
19 verbose headers   'content-encoding': 'gzip',
19 verbose headers   'cf-request-id': '028faaa69a0000d4274ba7f200000001' }
20 silly get cb [ 200,
20 silly get   { date: 'Thu, 07 May 2020 07:37:41 GMT',
20 silly get     'content-type': 'application/json; charset=UTF-8',
20 silly get     'transfer-encoding': 'chunked',
20 silly get     connection: 'keep-alive',
20 silly get     'set-cookie':
20 silly get      [ '__cfduid=ddaa5eaeb3b9b37623f1a62bd9b2cc4911588837060; expires=Sat, 06-Jun-20 07:37:40 GMT; path=/; domain=.npmjs.org; HttpOnly; SameSite=Lax' ],
20 silly get     'cf-ray': '58f946ea9b4cd427-BUD',
20 silly get     'cache-control': 'public, max-age=300',
20 silly get     etag: 'W/"3e5417f1f577672479da4d876f5c551e"',
20 silly get     'last-modified': 'Sat, 26 May 2018 19:54:14 GMT',
20 silly get     vary: 'accept-encoding, accept',
20 silly get     'cf-cache-status': 'MISS',
20 silly get     'expect-ct': 'max-age=604800, report-uri="https://report-uri.cloudflare.com/cdn-cgi/beacon/expect-ct"',
20 silly get     server: 'cloudflare',
20 silly get     'content-encoding': 'gzip',
20 silly get     'cf-request-id': '028faaa69a0000d4274ba7f200000001' } ]
21 verbose get saving ckfinder to /home/attila/.npm/registry.npmjs.org/ckfinder/.cache.json
22 verbose stack TypeError: Cannot convert undefined or null to object
22 verbose stack     at Function.keys (<anonymous>)
22 verbose stack     at pickVersionFromRegistryDocument (/usr/share/npm/lib/fetch-package-metadata.js:121:29)
22 verbose stack     at /usr/share/npm/node_modules/iferr/index.js:13:50
22 verbose stack     at /usr/share/npm/lib/utils/pulse-till-done.js:19:8
22 verbose stack     at saved (/usr/share/npm/lib/cache/caching-client.js:168:7)
22 verbose stack     at /usr/share/npm/node_modules/graceful-fs/polyfills.js:210:7
22 verbose stack     at FSReqWrap.oncomplete (fs.js:135:15)
23 verbose cwd /var/www/sajatWeboldal/assets
24 error Linux 4.15.0-99-generic
25 error argv "/usr/bin/node" "/usr/bin/npm" "install" "ckfinder@3.4.0"
26 error node v8.10.0
27 error npm  v3.5.2
28 error Cannot convert undefined or null to object
29 error If you need help, you may report this error at:
29 error     <https://github.com/npm/npm/issues>
30 verbose exit [ 1, true ]
